Apr 04, 2017 11:15:31 PM codeu.chat.ServerMain main
INFO: ============================= START OF LOG =============================
Apr 04, 2017 11:16:11 PM codeu.chat.ServerMain main
INFO: ============================= START OF LOG =============================
Apr 04, 2017 11:16:45 PM codeu.chat.ServerMain main
INFO: ============================= START OF LOG =============================
Apr 04, 2017 11:19:03 PM codeu.chat.ServerMain main
INFO: ============================= START OF LOG =============================
Apr 04, 2017 11:19:03 PM codeu.chat.ServerMain main
INFO: Starting server...
Apr 04, 2017 11:19:03 PM codeu.chat.ServerMain runServer
INFO: Server object created.
Apr 04, 2017 11:19:03 PM codeu.chat.ServerMain runServer
INFO: Starting hub...
Apr 04, 2017 11:19:34 PM codeu.chat.ServerMain main
INFO: ============================= START OF LOG =============================
Apr 04, 2017 11:19:34 PM codeu.chat.ServerMain main
INFO: Starting server...
Apr 04, 2017 11:19:34 PM codeu.chat.ServerMain runServer
INFO: Server object created.
Apr 04, 2017 11:19:34 PM codeu.chat.ServerMain runServer
INFO: Starting hub...
Apr 04, 2017 11:20:37 PM codeu.chat.ServerMain main
INFO: ============================= START OF LOG =============================
Apr 04, 2017 11:20:38 PM codeu.chat.ServerMain main
INFO: Starting server...
Apr 04, 2017 11:20:38 PM codeu.chat.ServerMain runServer
INFO: Server object created.
Apr 04, 2017 11:20:38 PM codeu.chat.ServerMain runServer
INFO: Starting hub...
Apr 04, 2017 11:21:44 PM codeu.chat.ServerMain main
INFO: ============================= START OF LOG =============================
Apr 04, 2017 11:21:44 PM codeu.chat.ServerMain main
INFO: Starting server...
Apr 04, 2017 11:21:44 PM codeu.chat.ServerMain runServer
INFO: Server object created.
Apr 04, 2017 11:21:44 PM codeu.chat.ServerMain runServer
INFO: Starting hub...
Apr 04, 2017 11:21:58 PM codeu.chat.server.Server handleConnection
INFO: Handling new connection...
Apr 04, 2017 11:21:58 PM codeu.chat.server.Server handleConnection
INFO: Handling new connection...
Apr 04, 2017 11:22:29 PM codeu.chat.ServerMain main
INFO: ============================= START OF LOG =============================
Apr 04, 2017 11:22:29 PM codeu.chat.ServerMain main
INFO: Starting server...
Apr 04, 2017 11:22:29 PM codeu.chat.ServerMain runServer
INFO: Server object created.
Apr 04, 2017 11:22:29 PM codeu.chat.ServerMain runServer
INFO: Starting hub...
Apr 04, 2017 11:23:02 PM codeu.chat.ServerMain main
INFO: ============================= START OF LOG =============================
Apr 04, 2017 11:23:02 PM codeu.chat.ServerMain main
INFO: Starting server...
Apr 04, 2017 11:23:02 PM codeu.chat.ServerMain runServer
INFO: Server object created.
Apr 04, 2017 11:23:02 PM codeu.chat.ServerMain runServer
INFO: Starting hub...
Apr 04, 2017 11:24:53 PM codeu.chat.ServerMain main
INFO: ============================= START OF LOG =============================
Apr 04, 2017 11:24:53 PM codeu.chat.ServerMain main
INFO: Starting server...
Apr 04, 2017 11:24:53 PM codeu.chat.ServerMain runServer
INFO: Server object created.
Apr 04, 2017 11:24:53 PM codeu.chat.ServerMain runServer
INFO: Starting hub...
Apr 04, 2017 11:24:53 PM codeu.chat.server.Server handleConnection
INFO: Handling new connection...
Apr 04, 2017 11:24:53 PM codeu.chat.server.Server handleConnection
INFO: Handling new connection...
Apr 04, 2017 11:32:14 PM codeu.chat.ServerMain main
INFO: ============================= START OF LOG =============================
Apr 04, 2017 11:32:14 PM codeu.chat.ServerMain main
INFO: Starting server...
Apr 04, 2017 11:32:14 PM codeu.chat.ServerMain runServer
INFO: Server object created.
Apr 04, 2017 11:32:14 PM codeu.chat.ServerMain runServer
INFO: Starting hub...
Apr 04, 2017 11:34:12 PM codeu.chat.ServerMain main
INFO: ============================= START OF LOG =============================
Apr 04, 2017 11:34:12 PM codeu.chat.ServerMain main
INFO: Starting server...
Apr 04, 2017 11:34:12 PM codeu.chat.ServerMain runServer
INFO: Server object created.
Apr 04, 2017 11:34:12 PM codeu.chat.ServerMain runServer
INFO: Starting hub...
Apr 04, 2017 11:34:13 PM codeu.chat.server.Server handleConnection
INFO: Handling new connection...
Apr 04, 2017 11:34:13 PM codeu.chat.server.Server handleConnection
INFO: Handling new connection...
Apr 05, 2017 12:15:40 AM codeu.chat.ServerMain main
INFO: ============================= START OF LOG =============================
Apr 05, 2017 12:15:40 AM codeu.chat.ServerMain main
INFO: Starting server...
Apr 05, 2017 12:15:40 AM codeu.chat.ServerMain runServer
INFO: Server object created.
Apr 05, 2017 12:15:40 AM codeu.chat.ServerMain runServer
INFO: Starting hub...
Apr 05, 2017 12:15:41 AM codeu.chat.server.Server handleConnection
INFO: Handling new connection...
Apr 05, 2017 12:15:41 AM codeu.chat.server.Server handleConnection
INFO: Handling new connection...
Apr 05, 2017 12:16:21 AM codeu.chat.server.Server handleConnection
INFO: Handling new connection...
Apr 05, 2017 12:16:21 AM codeu.chat.server.Controller newUser
INFO: newUser success (user.id=[UUID:100.101.1414066298] user.name=Greg user.time=05-Apr-2017 00:16:21.646)
Apr 05, 2017 12:16:21 AM codeu.chat.server.Server handleConnection
INFO: Handling new connection...
Apr 05, 2017 12:16:21 AM codeu.chat.server.Server handleConnection
INFO: Handling new connection...
Apr 05, 2017 12:19:49 AM codeu.chat.ServerMain main
INFO: ============================= START OF LOG =============================
Apr 05, 2017 12:19:49 AM codeu.chat.ServerMain main
INFO: Starting server...
Apr 05, 2017 12:20:46 AM codeu.chat.ServerMain main
INFO: ============================= START OF LOG =============================
Apr 05, 2017 12:20:46 AM codeu.chat.ServerMain main
INFO: Starting server...
Apr 05, 2017 12:21:38 AM codeu.chat.ServerMain main
INFO: ============================= START OF LOG =============================
Apr 05, 2017 12:21:38 AM codeu.chat.ServerMain main
INFO: Starting server...
Apr 05, 2017 12:25:19 AM codeu.chat.ServerMain main
INFO: ============================= START OF LOG =============================
Apr 05, 2017 12:25:19 AM codeu.chat.ServerMain main
INFO: Starting server...
Apr 05, 2017 12:26:48 AM codeu.chat.ServerMain main
INFO: ============================= START OF LOG =============================
Apr 05, 2017 12:26:49 AM codeu.chat.ServerMain main
INFO: Starting server...
Apr 05, 2017 12:26:49 AM codeu.chat.ServerMain runServer
INFO: Server object created.
Apr 05, 2017 12:26:49 AM codeu.chat.ServerMain runServer
INFO: Starting hub...
Apr 05, 2017 12:26:50 AM codeu.chat.server.Server handleConnection
INFO: Handling new connection...
Apr 05, 2017 12:26:50 AM codeu.chat.server.Server handleConnection
INFO: Handling new connection...
Apr 05, 2017 12:30:44 AM codeu.chat.server.Server handleConnection
INFO: Handling new connection...
Apr 05, 2017 12:30:44 AM codeu.chat.server.Controller newUser
INFO: newUser success (user.id=[UUID:100.101.2996656184] user.name=Neil user.time=05-Apr-2017 00:30:44.825)
Apr 05, 2017 12:30:44 AM codeu.chat.server.Server handleConnection
INFO: Handling new connection...
Apr 05, 2017 12:30:44 AM codeu.chat.server.Server handleConnection
INFO: Handling new connection...
Apr 08, 2017 8:34:53 PM codeu.chat.ServerMain main
INFO: ============================= START OF LOG =============================
Apr 08, 2017 8:34:53 PM codeu.chat.ServerMain main
INFO: Starting server...
Apr 08, 2017 8:34:54 PM codeu.chat.ServerMain runServer
INFO: Server object created.
Apr 08, 2017 8:34:54 PM codeu.chat.ServerMain runServer
INFO: Starting hub...
Apr 08, 2017 8:34:55 PM codeu.chat.server.Server handleConnection
INFO: Handling new connection...
Apr 08, 2017 8:34:55 PM codeu.chat.server.Server handleConnection
INFO: Handling new connection...
Apr 08, 2017 8:35:24 PM codeu.chat.server.Server handleConnection
INFO: Handling new connection...
Apr 08, 2017 8:35:24 PM codeu.chat.server.Controller newUser
INFO: newUser success (user.id=[UUID:100.101.2347386601] user.name=Tyler user.time=08-Apr-2017 20:35:24.207)
Apr 08, 2017 8:35:24 PM codeu.chat.server.Server handleConnection
INFO: Handling new connection...
Apr 08, 2017 8:35:24 PM codeu.chat.server.Server handleConnection
INFO: Handling new connection...
Apr 08, 2017 8:35:48 PM codeu.chat.server.Server handleConnection
INFO: Handling new connection...
Apr 08, 2017 8:35:48 PM codeu.chat.server.Controller newUser
INFO: newUser success (user.id=[UUID:100.101.1771235294] user.name=Steven user.time=08-Apr-2017 20:35:48.073)
Apr 08, 2017 8:35:48 PM codeu.chat.server.Server handleConnection
INFO: Handling new connection...
Apr 08, 2017 8:35:48 PM codeu.chat.server.Server handleConnection
INFO: Handling new connection...
Apr 08, 2017 8:49:55 PM codeu.chat.ServerMain main
INFO: ============================= START OF LOG =============================
Apr 08, 2017 8:49:55 PM codeu.chat.ServerMain main
INFO: Starting server...
Apr 08, 2017 8:49:56 PM codeu.chat.ServerMain runServer
INFO: Server object created.
Apr 08, 2017 8:49:56 PM codeu.chat.ServerMain runServer
INFO: Starting hub...
Apr 08, 2017 8:49:56 PM codeu.chat.server.Server handleConnection
INFO: Handling new connection...
Apr 08, 2017 8:49:56 PM codeu.chat.server.Server handleConnection
INFO: Handling new connection...
Apr 08, 2017 8:50:42 PM codeu.chat.server.Server handleConnection
INFO: Handling new connection...
Apr 08, 2017 8:50:42 PM codeu.chat.server.Controller newUser
INFO: newUser success (user.id=[UUID:100.101.756316915] user.name=Greg user.time=08-Apr-2017 20:50:42.074)
Apr 08, 2017 8:50:42 PM codeu.chat.server.Server handleConnection
INFO: Handling new connection...
Apr 08, 2017 8:50:42 PM codeu.chat.server.Server handleConnection
INFO: Handling new connection...
Apr 08, 2017 8:52:38 PM codeu.chat.server.Server handleConnection
INFO: Handling new connection...
Apr 08, 2017 8:52:38 PM codeu.chat.server.Controller newUser
INFO: newUser success (user.id=[UUID:100.101.2986631465] user.name=Greg G user.time=08-Apr-2017 20:52:38.115)
Apr 08, 2017 8:52:38 PM codeu.chat.server.Server handleConnection
INFO: Handling new connection...
Apr 08, 2017 8:52:38 PM codeu.chat.server.Server handleConnection
INFO: Handling new connection...
Apr 08, 2017 8:53:21 PM codeu.chat.ServerMain main
INFO: ============================= START OF LOG =============================
Apr 08, 2017 8:53:21 PM codeu.chat.ServerMain main
INFO: Starting server...
Apr 08, 2017 8:53:22 PM codeu.chat.ServerMain runServer
INFO: Server object created.
Apr 08, 2017 8:53:22 PM codeu.chat.ServerMain runServer
INFO: Starting hub...
Apr 08, 2017 8:53:22 PM codeu.chat.server.Server handleConnection
INFO: Handling new connection...
Apr 08, 2017 8:53:22 PM codeu.chat.server.Server handleConnection
INFO: Handling new connection...
Apr 08, 2017 9:00:54 PM codeu.chat.server.Server handleConnection
INFO: Handling new connection...
Apr 08, 2017 9:00:54 PM codeu.chat.server.Controller newUser
INFO: newUser success (user.id=[UUID:100.101.1093096440] user.name=Greg user.time=08-Apr-2017 21:00:54.468)
Apr 08, 2017 9:00:54 PM codeu.chat.server.Server handleConnection
INFO: Handling new connection...
Apr 08, 2017 9:00:54 PM codeu.chat.server.Server handleConnection
INFO: Handling new connection...
Apr 08, 2017 9:01:50 PM codeu.chat.ServerMain main
INFO: ============================= START OF LOG =============================
Apr 08, 2017 9:01:50 PM codeu.chat.ServerMain main
INFO: Starting server...
Apr 08, 2017 9:01:51 PM codeu.chat.ServerMain runServer
INFO: Server object created.
Apr 08, 2017 9:01:51 PM codeu.chat.ServerMain runServer
INFO: Starting hub...
Apr 08, 2017 9:01:51 PM codeu.chat.server.Server handleConnection
INFO: Handling new connection...
Apr 08, 2017 9:01:51 PM codeu.chat.server.Server handleConnection
INFO: Handling new connection...
Apr 08, 2017 9:02:04 PM codeu.chat.server.Server handleConnection
INFO: Handling new connection...
Apr 08, 2017 9:02:04 PM codeu.chat.server.Controller newUser
INFO: newUser success (user.id=[UUID:100.101.2911355156] user.name=Greg M user.time=08-Apr-2017 21:02:04.932)
Apr 08, 2017 9:02:04 PM codeu.chat.server.Server handleConnection
INFO: Handling new connection...
Apr 08, 2017 9:02:04 PM codeu.chat.server.Server handleConnection
INFO: Handling new connection...
Apr 08, 2017 9:02:13 PM codeu.chat.server.Server handleConnection
INFO: Handling new connection...
Apr 08, 2017 9:02:13 PM codeu.chat.server.Controller newUser
INFO: newUser success (user.id=[UUID:100.101.462364929] user.name=Terry J user.time=08-Apr-2017 21:02:13.465)
Apr 08, 2017 9:02:13 PM codeu.chat.server.Server handleConnection
INFO: Handling new connection...
Apr 08, 2017 9:02:13 PM codeu.chat.server.Server handleConnection
INFO: Handling new connection...
Apr 08, 2017 9:24:52 PM codeu.chat.ServerMain main
INFO: ============================= START OF LOG =============================
Apr 08, 2017 9:24:52 PM codeu.chat.ServerMain main
INFO: Starting server...
Apr 08, 2017 9:24:53 PM codeu.chat.ServerMain runServer
INFO: Server object created.
Apr 08, 2017 9:24:53 PM codeu.chat.ServerMain runServer
INFO: Starting hub...
Apr 08, 2017 9:24:53 PM codeu.chat.server.Server handleConnection
INFO: Handling new connection...
Apr 08, 2017 9:24:53 PM codeu.chat.server.Server handleConnection
INFO: Handling new connection...
Apr 09, 2017 6:19:18 PM codeu.chat.ServerMain main
INFO: ============================= START OF LOG =============================
Apr 09, 2017 6:19:18 PM codeu.chat.ServerMain main
INFO: Starting server...
Apr 09, 2017 6:19:19 PM codeu.chat.ServerMain runServer
INFO: Server object created.
Apr 09, 2017 6:19:19 PM codeu.chat.ServerMain runServer
INFO: Starting hub...
Apr 09, 2017 6:19:19 PM codeu.chat.server.Server handleConnection
INFO: Handling new connection...
Apr 09, 2017 6:19:19 PM codeu.chat.server.Server handleConnection
INFO: Handling new connection...
Apr 09, 2017 6:19:35 PM codeu.chat.server.Server handleConnection
INFO: Handling new connection...
Apr 09, 2017 6:19:35 PM codeu.chat.server.Controller newUser
INFO: newUser success (user.id=[UUID:100.101.2458270169] user.name=Ted user.time=09-Apr-2017 18:19:35.263)
Apr 09, 2017 6:19:35 PM codeu.chat.server.Server handleConnection
INFO: Handling new connection...
Apr 09, 2017 6:19:35 PM codeu.chat.server.Server handleConnection
INFO: Handling new connection...
Apr 09, 2017 6:25:08 PM codeu.chat.ServerMain main
INFO: ============================= START OF LOG =============================
Apr 09, 2017 6:25:08 PM codeu.chat.ServerMain main
INFO: Starting server...
Apr 09, 2017 6:25:09 PM codeu.chat.ServerMain runServer
INFO: Server object created.
Apr 09, 2017 6:25:09 PM codeu.chat.ServerMain runServer
INFO: Starting hub...
Apr 09, 2017 6:25:10 PM codeu.chat.server.Server handleConnection
INFO: Handling new connection...
Apr 09, 2017 6:25:10 PM codeu.chat.server.Server handleConnection
INFO: Handling new connection...
Apr 09, 2017 6:25:16 PM codeu.chat.server.Server handleConnection
INFO: Handling new connection...
Apr 09, 2017 6:25:16 PM codeu.chat.server.Controller newUser
INFO: newUser success (user.id=[UUID:100.101.1085036235] user.name=Dennis user.time=09-Apr-2017 18:25:16.434)
Apr 09, 2017 6:25:16 PM codeu.chat.server.Server handleConnection
INFO: Handling new connection...
Apr 09, 2017 6:25:16 PM codeu.chat.server.Server handleConnection
INFO: Handling new connection...
Apr 09, 2017 6:32:25 PM codeu.chat.server.Server handleConnection
INFO: Handling new connection...
Apr 09, 2017 7:56:42 PM codeu.chat.ServerMain main
INFO: ============================= START OF LOG =============================
Apr 09, 2017 7:56:42 PM codeu.chat.ServerMain main
INFO: Starting server...
Apr 09, 2017 7:56:43 PM codeu.chat.ServerMain runServer
INFO: Server object created.
Apr 09, 2017 7:56:43 PM codeu.chat.ServerMain runServer
INFO: Starting hub...
Apr 09, 2017 7:56:43 PM codeu.chat.server.Server handleConnection
INFO: Handling new connection...
Apr 09, 2017 7:56:43 PM codeu.chat.server.Server handleConnection
INFO: Handling new connection...
Apr 09, 2017 7:56:51 PM codeu.chat.server.Server handleConnection
INFO: Handling new connection...
Apr 09, 2017 7:56:51 PM codeu.chat.server.Controller newUser
INFO: newUser success (user.id=[UUID:100.101.463972942] user.name=Test user.time=09-Apr-2017 19:56:51.444)
Apr 09, 2017 7:56:51 PM codeu.chat.server.Server handleConnection
INFO: Handling new connection...
Apr 09, 2017 7:56:51 PM codeu.chat.server.Server handleConnection
INFO: Handling new connection...
Apr 09, 2017 8:05:02 PM codeu.chat.ServerMain main
INFO: ============================= START OF LOG =============================
Apr 09, 2017 8:05:02 PM codeu.chat.ServerMain main
INFO: Starting server...
Apr 09, 2017 8:05:02 PM codeu.chat.ServerMain runServer
INFO: Server object created.
Apr 09, 2017 8:05:02 PM codeu.chat.ServerMain runServer
INFO: Starting hub...
Apr 09, 2017 8:05:03 PM codeu.chat.server.Server handleConnection
INFO: Handling new connection...
Apr 09, 2017 8:05:03 PM codeu.chat.server.Server handleConnection
INFO: Handling new connection...
Apr 09, 2017 8:06:43 PM codeu.chat.ServerMain main
INFO: ============================= START OF LOG =============================
Apr 09, 2017 8:06:43 PM codeu.chat.ServerMain main
INFO: Starting server...
Apr 09, 2017 8:06:44 PM codeu.chat.ServerMain runServer
INFO: Server object created.
Apr 09, 2017 8:06:44 PM codeu.chat.ServerMain runServer
INFO: Starting hub...
Apr 09, 2017 8:06:44 PM codeu.chat.server.Server handleConnection
INFO: Handling new connection...
Apr 09, 2017 8:06:45 PM codeu.chat.server.Server handleConnection
INFO: Handling new connection...
Apr 09, 2017 8:16:52 PM codeu.chat.ServerMain main
INFO: ============================= START OF LOG =============================
Apr 09, 2017 8:16:52 PM codeu.chat.ServerMain main
INFO: Starting server...
Apr 09, 2017 8:16:53 PM codeu.chat.ServerMain runServer
INFO: Server object created.
Apr 09, 2017 8:16:53 PM codeu.chat.ServerMain runServer
INFO: Starting hub...
Apr 09, 2017 8:16:53 PM codeu.chat.server.Server handleConnection
INFO: Handling new connection...
Apr 09, 2017 8:16:54 PM codeu.chat.server.Server handleConnection
INFO: Handling new connection...
Apr 09, 2017 8:21:23 PM codeu.chat.ServerMain main
INFO: ============================= START OF LOG =============================
Apr 09, 2017 8:21:23 PM codeu.chat.ServerMain main
INFO: Starting server...
Apr 09, 2017 8:21:24 PM codeu.chat.ServerMain runServer
INFO: Server object created.
Apr 09, 2017 8:21:24 PM codeu.chat.ServerMain runServer
INFO: Starting hub...
Apr 09, 2017 8:21:24 PM codeu.chat.server.Server handleConnection
INFO: Handling new connection...
Apr 09, 2017 8:21:24 PM codeu.chat.server.Server handleConnection
INFO: Handling new connection...
Apr 09, 2017 8:23:25 PM codeu.chat.ServerMain main
INFO: ============================= START OF LOG =============================
Apr 09, 2017 8:23:25 PM codeu.chat.ServerMain main
INFO: Starting server...
Apr 09, 2017 8:23:25 PM codeu.chat.ServerMain runServer
INFO: Server object created.
Apr 09, 2017 8:23:25 PM codeu.chat.ServerMain runServer
INFO: Starting hub...
Apr 09, 2017 8:23:26 PM codeu.chat.server.Server handleConnection
INFO: Handling new connection...
Apr 09, 2017 8:23:26 PM codeu.chat.server.Server handleConnection
INFO: Handling new connection...
Apr 09, 2017 8:24:27 PM codeu.chat.ServerMain main
INFO: ============================= START OF LOG =============================
Apr 09, 2017 8:24:27 PM codeu.chat.ServerMain main
INFO: Starting server...
Apr 09, 2017 8:24:28 PM codeu.chat.ServerMain runServer
INFO: Server object created.
Apr 09, 2017 8:24:28 PM codeu.chat.ServerMain runServer
INFO: Starting hub...
Apr 09, 2017 8:24:28 PM codeu.chat.server.Server handleConnection
INFO: Handling new connection...
Apr 09, 2017 8:24:28 PM codeu.chat.server.Server handleConnection
INFO: Handling new connection...
Apr 09, 2017 8:27:21 PM codeu.chat.ServerMain main
INFO: ============================= START OF LOG =============================
Apr 09, 2017 8:27:21 PM codeu.chat.ServerMain main
INFO: Starting server...
Apr 09, 2017 8:27:22 PM codeu.chat.ServerMain runServer
INFO: Server object created.
Apr 09, 2017 8:27:22 PM codeu.chat.ServerMain runServer
INFO: Starting hub...
Apr 09, 2017 8:27:23 PM codeu.chat.server.Server handleConnection
INFO: Handling new connection...
Apr 09, 2017 8:27:23 PM codeu.chat.server.Server handleConnection
INFO: Handling new connection...
Apr 09, 2017 9:27:00 PM codeu.chat.ServerMain main
INFO: ============================= START OF LOG =============================
Apr 09, 2017 9:27:00 PM codeu.chat.ServerMain main
INFO: Starting server...
Apr 09, 2017 9:27:00 PM codeu.chat.ServerMain runServer
INFO: Server object created.
Apr 09, 2017 9:27:00 PM codeu.chat.ServerMain runServer
INFO: Starting hub...
Apr 09, 2017 9:27:00 PM codeu.chat.server.Server handleConnection
INFO: Handling new connection...
Apr 09, 2017 9:27:01 PM codeu.chat.server.Server handleConnection
INFO: Handling new connection...
Apr 09, 2017 9:27:48 PM codeu.chat.ServerMain main
INFO: ============================= START OF LOG =============================
Apr 09, 2017 9:27:48 PM codeu.chat.ServerMain main
INFO: Starting server...
Apr 09, 2017 9:27:48 PM codeu.chat.ServerMain runServer
INFO: Server object created.
Apr 09, 2017 9:27:48 PM codeu.chat.ServerMain runServer
INFO: Starting hub...
Apr 09, 2017 9:27:48 PM codeu.chat.server.Server handleConnection
INFO: Handling new connection...
Apr 09, 2017 9:27:48 PM codeu.chat.server.Server handleConnection
INFO: Handling new connection...
Apr 09, 2017 9:34:39 PM codeu.chat.ServerMain main
INFO: ============================= START OF LOG =============================
Apr 09, 2017 9:34:39 PM codeu.chat.ServerMain main
INFO: Starting server...
Apr 09, 2017 9:34:40 PM codeu.chat.ServerMain runServer
INFO: Server object created.
Apr 09, 2017 9:34:40 PM codeu.chat.ServerMain runServer
INFO: Starting hub...
Apr 09, 2017 9:34:41 PM codeu.chat.server.Server handleConnection
INFO: Handling new connection...
Apr 09, 2017 9:34:41 PM codeu.chat.server.Server handleConnection
INFO: Handling new connection...
Apr 09, 2017 9:39:19 PM codeu.chat.ServerMain main
INFO: ============================= START OF LOG =============================
Apr 09, 2017 9:39:19 PM codeu.chat.ServerMain main
INFO: Starting server...
Apr 09, 2017 9:39:19 PM codeu.chat.ServerMain runServer
INFO: Server object created.
Apr 09, 2017 9:39:19 PM codeu.chat.ServerMain runServer
INFO: Starting hub...
Apr 09, 2017 9:39:20 PM codeu.chat.server.Server handleConnection
INFO: Handling new connection...
Apr 09, 2017 9:39:20 PM codeu.chat.server.Server handleConnection
INFO: Handling new connection...
Apr 09, 2017 9:44:05 PM codeu.chat.server.Server handleConnection
INFO: Handling new connection...
Apr 09, 2017 9:44:05 PM codeu.chat.server.Controller newUser
INFO: newUser success (user.id=[UUID:100.101.2770954109] user.name=Tester user.time=09-Apr-2017 21:44:05.652)
Apr 09, 2017 9:44:05 PM codeu.chat.server.Server handleConnection
INFO: Handling new connection...
Apr 09, 2017 9:44:05 PM codeu.chat.server.Server handleConnection
INFO: Handling new connection...
Apr 09, 2017 9:45:51 PM codeu.chat.server.Server handleConnection
INFO: Handling new connection...
Apr 09, 2017 9:45:51 PM codeu.chat.server.Controller newUser
INFO: newUser success (user.id=[UUID:100.101.144367910] user.name=Testing user.time=09-Apr-2017 21:45:51.586)
Apr 09, 2017 9:45:51 PM codeu.chat.server.Server handleConnection
INFO: Handling new connection...
Apr 09, 2017 9:45:51 PM codeu.chat.server.Server handleConnection
INFO: Handling new connection...
Apr 09, 2017 10:03:08 PM codeu.chat.server.Server handleConnection
INFO: Handling new connection...
Apr 09, 2017 10:03:08 PM codeu.chat.server.Controller newUser
INFO: newUser success (user.id=[UUID:100.101.1273638337] user.name=Tester2 user.time=09-Apr-2017 22:03:08.901)
Apr 09, 2017 10:03:08 PM codeu.chat.server.Server handleConnection
INFO: Handling new connection...
Apr 09, 2017 10:03:08 PM codeu.chat.server.Server handleConnection
INFO: Handling new connection...
Apr 09, 2017 10:13:11 PM codeu.chat.ServerMain main
INFO: ============================= START OF LOG =============================
Apr 09, 2017 10:13:11 PM codeu.chat.ServerMain main
INFO: Starting server...
Apr 09, 2017 10:13:11 PM codeu.chat.ServerMain runServer
INFO: Server object created.
Apr 09, 2017 10:13:11 PM codeu.chat.ServerMain runServer
INFO: Starting hub...
Apr 09, 2017 10:13:12 PM codeu.chat.server.Server handleConnection
INFO: Handling new connection...
Apr 09, 2017 10:13:12 PM codeu.chat.server.Server handleConnection
INFO: Handling new connection...
Apr 09, 2017 10:27:07 PM codeu.chat.ServerMain main
INFO: ============================= START OF LOG =============================
Apr 09, 2017 10:27:07 PM codeu.chat.ServerMain main
INFO: Starting server...
Apr 09, 2017 10:27:07 PM codeu.chat.ServerMain runServer
INFO: Server object created.
Apr 09, 2017 10:27:07 PM codeu.chat.ServerMain runServer
INFO: Starting hub...
Apr 09, 2017 10:27:08 PM codeu.chat.server.Server handleConnection
INFO: Handling new connection...
Apr 09, 2017 10:27:08 PM codeu.chat.server.Server handleConnection
INFO: Handling new connection...
Apr 09, 2017 10:27:14 PM codeu.chat.server.Server handleConnection
INFO: Handling new connection...
Apr 09, 2017 10:27:14 PM codeu.chat.ServerMain$1 onException
SEVERE: Exception during server tick.
java.lang.NullPointerException
	at codeu.chat.server.Model.add(Model.java:110)
	at codeu.chat.server.Controller.newUser(Controller.java:113)
	at codeu.chat.server.Controller.newUser(Controller.java:48)
	at codeu.chat.server.Server.onMessage(Server.java:105)
	at codeu.chat.server.Server.handleConnection(Server.java:75)
	at codeu.chat.ServerMain$1.handle(ServerMain.java:93)
	at codeu.chat.common.Hub$2.process(Hub.java:93)
	at codeu.chat.common.Hub$3.run(Hub.java:133)

Apr 13, 2017 2:07:01 PM codeu.chat.ServerMain main
INFO: ============================= START OF LOG =============================
Apr 13, 2017 2:07:01 PM codeu.chat.ServerMain main
INFO: Starting server...
Apr 13, 2017 2:07:01 PM codeu.chat.ServerMain runServer
INFO: Server object created.
Apr 13, 2017 2:07:01 PM codeu.chat.ServerMain runServer
INFO: Starting hub...
Apr 13, 2017 2:07:03 PM codeu.chat.server.Server handleConnection
INFO: Handling new connection...
Apr 13, 2017 2:07:03 PM codeu.chat.server.Server handleConnection
INFO: Handling new connection...
