Apr 04, 2017 11:15:31 PM codeu.chat.SimpleGuiClientMain main
INFO: ============================= START OF LOG =============================
Apr 04, 2017 11:15:31 PM codeu.chat.SimpleGuiClientMain main
INFO: Starting chat client...
Apr 04, 2017 11:19:34 PM codeu.chat.SimpleGuiClientMain main
INFO: ============================= START OF LOG =============================
Apr 04, 2017 11:19:34 PM codeu.chat.SimpleGuiClientMain main
INFO: Starting chat client...
Apr 04, 2017 11:22:29 PM codeu.chat.SimpleGuiClientMain main
INFO: ============================= START OF LOG =============================
Apr 04, 2017 11:22:29 PM codeu.chat.SimpleGuiClientMain main
INFO: Starting chat client...
Apr 04, 2017 11:23:02 PM codeu.chat.SimpleGuiClientMain main
INFO: ============================= START OF LOG =============================
Apr 04, 2017 11:23:02 PM codeu.chat.SimpleGuiClientMain main
INFO: Starting chat client...
Apr 04, 2017 11:24:53 PM codeu.chat.SimpleGuiClientMain main
INFO: ============================= START OF LOG =============================
Apr 04, 2017 11:24:53 PM codeu.chat.SimpleGuiClientMain main
INFO: Starting chat client...
Apr 04, 2017 11:24:53 PM codeu.chat.SimpleGuiClientMain main
INFO: Creating client...
Apr 04, 2017 11:24:53 PM codeu.chat.SimpleGuiClientMain runClient
INFO: Created client
Apr 04, 2017 11:24:53 PM codeu.chat.client.ClientMessage updateMessages
SEVERE: conversation argument is null - do nothing.
Apr 04, 2017 11:24:53 PM codeu.chat.SimpleGuiClientMain runClient
INFO: chat client is running.
Apr 04, 2017 11:34:12 PM codeu.chat.SimpleGuiClientMain main
INFO: ============================= START OF LOG =============================
Apr 04, 2017 11:34:12 PM codeu.chat.SimpleGuiClientMain main
INFO: Starting chat client...
Apr 04, 2017 11:34:12 PM codeu.chat.SimpleGuiClientMain main
INFO: Creating client...
Apr 04, 2017 11:34:12 PM codeu.chat.SimpleGuiClientMain runClient
INFO: Created client
Apr 04, 2017 11:34:13 PM codeu.chat.client.ClientMessage updateMessages
SEVERE: conversation argument is null - do nothing.
Apr 04, 2017 11:34:13 PM codeu.chat.SimpleGuiClientMain runClient
INFO: chat client is running.
Apr 05, 2017 12:15:40 AM codeu.chat.SimpleGuiClientMain main
INFO: ============================= START OF LOG =============================
Apr 05, 2017 12:15:40 AM codeu.chat.SimpleGuiClientMain main
INFO: Starting chat client...
Apr 05, 2017 12:15:40 AM codeu.chat.SimpleGuiClientMain main
INFO: Creating client...
Apr 05, 2017 12:15:40 AM codeu.chat.SimpleGuiClientMain runClient
INFO: Created client
Apr 05, 2017 12:15:41 AM codeu.chat.client.ClientMessage updateMessages
SEVERE: conversation argument is null - do nothing.
Apr 05, 2017 12:15:41 AM codeu.chat.SimpleGuiClientMain runClient
INFO: chat client is running.
Apr 05, 2017 12:16:21 AM codeu.chat.client.Controller newUser
INFO: newUser: Request completed.
Apr 05, 2017 12:16:21 AM codeu.chat.client.Controller newUser
INFO: newUser: Response completed.
Apr 05, 2017 12:16:21 AM codeu.chat.client.ClientUser addUser
INFO: New user complete, Name= "Greg" UUID=[UUID:100.101.1414066298]
Apr 05, 2017 12:19:49 AM codeu.chat.SimpleGuiClientMain main
INFO: ============================= START OF LOG =============================
Apr 05, 2017 12:19:49 AM codeu.chat.SimpleGuiClientMain main
INFO: Starting chat client...
Apr 05, 2017 12:19:49 AM codeu.chat.SimpleGuiClientMain main
INFO: Creating client...
Apr 05, 2017 12:19:49 AM codeu.chat.SimpleGuiClientMain runClient
INFO: Created client
Apr 05, 2017 12:19:50 AM codeu.chat.client.View getUsersExcluding
SEVERE: Exception during call on server.
java.net.ConnectException: Connection refused (Connection refused)
	at java.net.PlainSocketImpl.socketConnect(Native Method)
	at java.net.AbstractPlainSocketImpl.doConnect(AbstractPlainSocketImpl.java:350)
	at java.net.AbstractPlainSocketImpl.connectToAddress(AbstractPlainSocketImpl.java:206)
	at java.net.AbstractPlainSocketImpl.connect(AbstractPlainSocketImpl.java:188)
	at java.net.SocksSocketImpl.connect(SocksSocketImpl.java:392)
	at java.net.Socket.connect(Socket.java:589)
	at java.net.Socket.connect(Socket.java:538)
	at java.net.Socket.<init>(Socket.java:434)
	at java.net.Socket.<init>(Socket.java:211)
	at codeu.chat.util.connections.ClientConnectionSource.connect(ClientConnectionSource.java:39)
	at codeu.chat.client.View.getUsersExcluding(View.java:170)
	at codeu.chat.client.ClientUser.updateUsers(ClientUser.java:134)
	at codeu.chat.client.simplegui.UserPanel.getAllUsers(UserPanel.java:188)
	at codeu.chat.client.simplegui.UserPanel.initialize(UserPanel.java:183)
	at codeu.chat.client.simplegui.UserPanel.<init>(UserPanel.java:37)
	at codeu.chat.client.simplegui.ChatSimpleGui.initialize(ChatSimpleGui.java:75)
	at codeu.chat.client.simplegui.ChatSimpleGui.run(ChatSimpleGui.java:45)
	at codeu.chat.SimpleGuiClientMain.runClient(SimpleGuiClientMain.java:69)
	at codeu.chat.SimpleGuiClientMain.main(SimpleGuiClientMain.java:55)
	at sun.reflect.NativeMethodAccessorImpl.invoke0(Native Method)
	at sun.reflect.NativeMethodAccessorImpl.invoke(NativeMethodAccessorImpl.java:62)
	at sun.reflect.DelegatingMethodAccessorImpl.invoke(DelegatingMethodAccessorImpl.java:43)
	at java.lang.reflect.Method.invoke(Method.java:498)
	at com.intellij.rt.execution.application.AppMain.main(AppMain.java:147)

Apr 05, 2017 12:19:50 AM codeu.chat.client.ClientMessage updateMessages
SEVERE: conversation argument is null - do nothing.
Apr 05, 2017 12:19:50 AM codeu.chat.client.View getAllConversations
SEVERE: Exception during call on server.
java.net.ConnectException: Connection refused (Connection refused)
	at java.net.PlainSocketImpl.socketConnect(Native Method)
	at java.net.AbstractPlainSocketImpl.doConnect(AbstractPlainSocketImpl.java:350)
	at java.net.AbstractPlainSocketImpl.connectToAddress(AbstractPlainSocketImpl.java:206)
	at java.net.AbstractPlainSocketImpl.connect(AbstractPlainSocketImpl.java:188)
	at java.net.SocksSocketImpl.connect(SocksSocketImpl.java:392)
	at java.net.Socket.connect(Socket.java:589)
	at java.net.Socket.connect(Socket.java:538)
	at java.net.Socket.<init>(Socket.java:434)
	at java.net.Socket.<init>(Socket.java:211)
	at codeu.chat.util.connections.ClientConnectionSource.connect(ClientConnectionSource.java:39)
	at codeu.chat.client.View.getAllConversations(View.java:79)
	at codeu.chat.client.ClientConversation.updateAllConversations(ClientConversation.java:164)
	at codeu.chat.client.simplegui.ConversationPanel.getAllConversations(ConversationPanel.java:159)
	at codeu.chat.client.simplegui.ConversationPanel.initialize(ConversationPanel.java:153)
	at codeu.chat.client.simplegui.ConversationPanel.<init>(ConversationPanel.java:39)
	at codeu.chat.client.simplegui.ChatSimpleGui.initialize(ChatSimpleGui.java:84)
	at codeu.chat.client.simplegui.ChatSimpleGui.run(ChatSimpleGui.java:45)
	at codeu.chat.SimpleGuiClientMain.runClient(SimpleGuiClientMain.java:69)
	at codeu.chat.SimpleGuiClientMain.main(SimpleGuiClientMain.java:55)
	at sun.reflect.NativeMethodAccessorImpl.invoke0(Native Method)
	at sun.reflect.NativeMethodAccessorImpl.invoke(NativeMethodAccessorImpl.java:62)
	at sun.reflect.DelegatingMethodAccessorImpl.invoke(DelegatingMethodAccessorImpl.java:43)
	at java.lang.reflect.Method.invoke(Method.java:498)
	at com.intellij.rt.execution.application.AppMain.main(AppMain.java:147)

Apr 05, 2017 12:19:50 AM codeu.chat.SimpleGuiClientMain runClient
INFO: chat client is running.
Apr 05, 2017 12:20:46 AM codeu.chat.SimpleGuiClientMain main
INFO: ============================= START OF LOG =============================
Apr 05, 2017 12:20:46 AM codeu.chat.SimpleGuiClientMain main
INFO: Starting chat client...
Apr 05, 2017 12:20:46 AM codeu.chat.SimpleGuiClientMain main
INFO: Creating client...
Apr 05, 2017 12:20:46 AM codeu.chat.SimpleGuiClientMain runClient
INFO: Created client
Apr 05, 2017 12:20:47 AM codeu.chat.client.View getUsersExcluding
SEVERE: Exception during call on server.
java.net.ConnectException: Connection refused (Connection refused)
	at java.net.PlainSocketImpl.socketConnect(Native Method)
	at java.net.AbstractPlainSocketImpl.doConnect(AbstractPlainSocketImpl.java:350)
	at java.net.AbstractPlainSocketImpl.connectToAddress(AbstractPlainSocketImpl.java:206)
	at java.net.AbstractPlainSocketImpl.connect(AbstractPlainSocketImpl.java:188)
	at java.net.SocksSocketImpl.connect(SocksSocketImpl.java:392)
	at java.net.Socket.connect(Socket.java:589)
	at java.net.Socket.connect(Socket.java:538)
	at java.net.Socket.<init>(Socket.java:434)
	at java.net.Socket.<init>(Socket.java:211)
	at codeu.chat.util.connections.ClientConnectionSource.connect(ClientConnectionSource.java:39)
	at codeu.chat.client.View.getUsersExcluding(View.java:170)
	at codeu.chat.client.ClientUser.updateUsers(ClientUser.java:134)
	at codeu.chat.client.simplegui.UserPanel.getAllUsers(UserPanel.java:188)
	at codeu.chat.client.simplegui.UserPanel.initialize(UserPanel.java:183)
	at codeu.chat.client.simplegui.UserPanel.<init>(UserPanel.java:37)
	at codeu.chat.client.simplegui.ChatSimpleGui.initialize(ChatSimpleGui.java:75)
	at codeu.chat.client.simplegui.ChatSimpleGui.run(ChatSimpleGui.java:45)
	at codeu.chat.SimpleGuiClientMain.runClient(SimpleGuiClientMain.java:69)
	at codeu.chat.SimpleGuiClientMain.main(SimpleGuiClientMain.java:55)
	at sun.reflect.NativeMethodAccessorImpl.invoke0(Native Method)
	at sun.reflect.NativeMethodAccessorImpl.invoke(NativeMethodAccessorImpl.java:62)
	at sun.reflect.DelegatingMethodAccessorImpl.invoke(DelegatingMethodAccessorImpl.java:43)
	at java.lang.reflect.Method.invoke(Method.java:498)
	at com.intellij.rt.execution.application.AppMain.main(AppMain.java:147)

Apr 05, 2017 12:20:47 AM codeu.chat.client.ClientMessage updateMessages
SEVERE: conversation argument is null - do nothing.
Apr 05, 2017 12:20:47 AM codeu.chat.client.View getAllConversations
SEVERE: Exception during call on server.
java.net.ConnectException: Connection refused (Connection refused)
	at java.net.PlainSocketImpl.socketConnect(Native Method)
	at java.net.AbstractPlainSocketImpl.doConnect(AbstractPlainSocketImpl.java:350)
	at java.net.AbstractPlainSocketImpl.connectToAddress(AbstractPlainSocketImpl.java:206)
	at java.net.AbstractPlainSocketImpl.connect(AbstractPlainSocketImpl.java:188)
	at java.net.SocksSocketImpl.connect(SocksSocketImpl.java:392)
	at java.net.Socket.connect(Socket.java:589)
	at java.net.Socket.connect(Socket.java:538)
	at java.net.Socket.<init>(Socket.java:434)
	at java.net.Socket.<init>(Socket.java:211)
	at codeu.chat.util.connections.ClientConnectionSource.connect(ClientConnectionSource.java:39)
	at codeu.chat.client.View.getAllConversations(View.java:79)
	at codeu.chat.client.ClientConversation.updateAllConversations(ClientConversation.java:164)
	at codeu.chat.client.simplegui.ConversationPanel.getAllConversations(ConversationPanel.java:159)
	at codeu.chat.client.simplegui.ConversationPanel.initialize(ConversationPanel.java:153)
	at codeu.chat.client.simplegui.ConversationPanel.<init>(ConversationPanel.java:39)
	at codeu.chat.client.simplegui.ChatSimpleGui.initialize(ChatSimpleGui.java:84)
	at codeu.chat.client.simplegui.ChatSimpleGui.run(ChatSimpleGui.java:45)
	at codeu.chat.SimpleGuiClientMain.runClient(SimpleGuiClientMain.java:69)
	at codeu.chat.SimpleGuiClientMain.main(SimpleGuiClientMain.java:55)
	at sun.reflect.NativeMethodAccessorImpl.invoke0(Native Method)
	at sun.reflect.NativeMethodAccessorImpl.invoke(NativeMethodAccessorImpl.java:62)
	at sun.reflect.DelegatingMethodAccessorImpl.invoke(DelegatingMethodAccessorImpl.java:43)
	at java.lang.reflect.Method.invoke(Method.java:498)
	at com.intellij.rt.execution.application.AppMain.main(AppMain.java:147)

Apr 05, 2017 12:20:48 AM codeu.chat.SimpleGuiClientMain runClient
INFO: chat client is running.
Apr 05, 2017 12:21:38 AM codeu.chat.SimpleGuiClientMain main
INFO: ============================= START OF LOG =============================
Apr 05, 2017 12:21:38 AM codeu.chat.SimpleGuiClientMain main
INFO: Starting chat client...
Apr 05, 2017 12:21:38 AM codeu.chat.SimpleGuiClientMain main
INFO: Creating client...
Apr 05, 2017 12:21:38 AM codeu.chat.SimpleGuiClientMain runClient
INFO: Created client
Apr 05, 2017 12:21:39 AM codeu.chat.client.View getUsersExcluding
SEVERE: Exception during call on server.
java.net.ConnectException: Connection refused (Connection refused)
	at java.net.PlainSocketImpl.socketConnect(Native Method)
	at java.net.AbstractPlainSocketImpl.doConnect(AbstractPlainSocketImpl.java:350)
	at java.net.AbstractPlainSocketImpl.connectToAddress(AbstractPlainSocketImpl.java:206)
	at java.net.AbstractPlainSocketImpl.connect(AbstractPlainSocketImpl.java:188)
	at java.net.SocksSocketImpl.connect(SocksSocketImpl.java:392)
	at java.net.Socket.connect(Socket.java:589)
	at java.net.Socket.connect(Socket.java:538)
	at java.net.Socket.<init>(Socket.java:434)
	at java.net.Socket.<init>(Socket.java:211)
	at codeu.chat.util.connections.ClientConnectionSource.connect(ClientConnectionSource.java:39)
	at codeu.chat.client.View.getUsersExcluding(View.java:170)
	at codeu.chat.client.ClientUser.updateUsers(ClientUser.java:134)
	at codeu.chat.client.simplegui.UserPanel.getAllUsers(UserPanel.java:188)
	at codeu.chat.client.simplegui.UserPanel.initialize(UserPanel.java:183)
	at codeu.chat.client.simplegui.UserPanel.<init>(UserPanel.java:37)
	at codeu.chat.client.simplegui.ChatSimpleGui.initialize(ChatSimpleGui.java:75)
	at codeu.chat.client.simplegui.ChatSimpleGui.run(ChatSimpleGui.java:45)
	at codeu.chat.SimpleGuiClientMain.runClient(SimpleGuiClientMain.java:69)
	at codeu.chat.SimpleGuiClientMain.main(SimpleGuiClientMain.java:55)
	at sun.reflect.NativeMethodAccessorImpl.invoke0(Native Method)
	at sun.reflect.NativeMethodAccessorImpl.invoke(NativeMethodAccessorImpl.java:62)
	at sun.reflect.DelegatingMethodAccessorImpl.invoke(DelegatingMethodAccessorImpl.java:43)
	at java.lang.reflect.Method.invoke(Method.java:498)
	at com.intellij.rt.execution.application.AppMain.main(AppMain.java:147)

Apr 05, 2017 12:21:39 AM codeu.chat.client.ClientMessage updateMessages
SEVERE: conversation argument is null - do nothing.
Apr 05, 2017 12:21:39 AM codeu.chat.client.View getAllConversations
SEVERE: Exception during call on server.
java.net.ConnectException: Connection refused (Connection refused)
	at java.net.PlainSocketImpl.socketConnect(Native Method)
	at java.net.AbstractPlainSocketImpl.doConnect(AbstractPlainSocketImpl.java:350)
	at java.net.AbstractPlainSocketImpl.connectToAddress(AbstractPlainSocketImpl.java:206)
	at java.net.AbstractPlainSocketImpl.connect(AbstractPlainSocketImpl.java:188)
	at java.net.SocksSocketImpl.connect(SocksSocketImpl.java:392)
	at java.net.Socket.connect(Socket.java:589)
	at java.net.Socket.connect(Socket.java:538)
	at java.net.Socket.<init>(Socket.java:434)
	at java.net.Socket.<init>(Socket.java:211)
	at codeu.chat.util.connections.ClientConnectionSource.connect(ClientConnectionSource.java:39)
	at codeu.chat.client.View.getAllConversations(View.java:79)
	at codeu.chat.client.ClientConversation.updateAllConversations(ClientConversation.java:164)
	at codeu.chat.client.simplegui.ConversationPanel.getAllConversations(ConversationPanel.java:159)
	at codeu.chat.client.simplegui.ConversationPanel.initialize(ConversationPanel.java:153)
	at codeu.chat.client.simplegui.ConversationPanel.<init>(ConversationPanel.java:39)
	at codeu.chat.client.simplegui.ChatSimpleGui.initialize(ChatSimpleGui.java:84)
	at codeu.chat.client.simplegui.ChatSimpleGui.run(ChatSimpleGui.java:45)
	at codeu.chat.SimpleGuiClientMain.runClient(SimpleGuiClientMain.java:69)
	at codeu.chat.SimpleGuiClientMain.main(SimpleGuiClientMain.java:55)
	at sun.reflect.NativeMethodAccessorImpl.invoke0(Native Method)
	at sun.reflect.NativeMethodAccessorImpl.invoke(NativeMethodAccessorImpl.java:62)
	at sun.reflect.DelegatingMethodAccessorImpl.invoke(DelegatingMethodAccessorImpl.java:43)
	at java.lang.reflect.Method.invoke(Method.java:498)
	at com.intellij.rt.execution.application.AppMain.main(AppMain.java:147)

Apr 05, 2017 12:21:39 AM codeu.chat.SimpleGuiClientMain runClient
INFO: chat client is running.
Apr 05, 2017 12:25:19 AM codeu.chat.SimpleGuiClientMain main
INFO: ============================= START OF LOG =============================
Apr 05, 2017 12:25:19 AM codeu.chat.SimpleGuiClientMain main
INFO: Starting chat client...
Apr 05, 2017 12:25:19 AM codeu.chat.SimpleGuiClientMain main
INFO: Creating client...
Apr 05, 2017 12:25:19 AM codeu.chat.SimpleGuiClientMain runClient
INFO: Created client
Apr 05, 2017 12:25:20 AM codeu.chat.client.View getUsersExcluding
SEVERE: Exception during call on server.
java.net.ConnectException: Connection refused (Connection refused)
	at java.net.PlainSocketImpl.socketConnect(Native Method)
	at java.net.AbstractPlainSocketImpl.doConnect(AbstractPlainSocketImpl.java:350)
	at java.net.AbstractPlainSocketImpl.connectToAddress(AbstractPlainSocketImpl.java:206)
	at java.net.AbstractPlainSocketImpl.connect(AbstractPlainSocketImpl.java:188)
	at java.net.SocksSocketImpl.connect(SocksSocketImpl.java:392)
	at java.net.Socket.connect(Socket.java:589)
	at java.net.Socket.connect(Socket.java:538)
	at java.net.Socket.<init>(Socket.java:434)
	at java.net.Socket.<init>(Socket.java:211)
	at codeu.chat.util.connections.ClientConnectionSource.connect(ClientConnectionSource.java:39)
	at codeu.chat.client.View.getUsersExcluding(View.java:170)
	at codeu.chat.client.ClientUser.updateUsers(ClientUser.java:134)
	at codeu.chat.client.simplegui.UserPanel.getAllUsers(UserPanel.java:188)
	at codeu.chat.client.simplegui.UserPanel.initialize(UserPanel.java:183)
	at codeu.chat.client.simplegui.UserPanel.<init>(UserPanel.java:37)
	at codeu.chat.client.simplegui.ChatSimpleGui.initialize(ChatSimpleGui.java:75)
	at codeu.chat.client.simplegui.ChatSimpleGui.run(ChatSimpleGui.java:45)
	at codeu.chat.SimpleGuiClientMain.runClient(SimpleGuiClientMain.java:69)
	at codeu.chat.SimpleGuiClientMain.main(SimpleGuiClientMain.java:55)
	at sun.reflect.NativeMethodAccessorImpl.invoke0(Native Method)
	at sun.reflect.NativeMethodAccessorImpl.invoke(NativeMethodAccessorImpl.java:62)
	at sun.reflect.DelegatingMethodAccessorImpl.invoke(DelegatingMethodAccessorImpl.java:43)
	at java.lang.reflect.Method.invoke(Method.java:498)
	at com.intellij.rt.execution.application.AppMain.main(AppMain.java:147)

Apr 05, 2017 12:25:20 AM codeu.chat.client.ClientMessage updateMessages
SEVERE: conversation argument is null - do nothing.
Apr 05, 2017 12:25:20 AM codeu.chat.client.View getAllConversations
SEVERE: Exception during call on server.
java.net.ConnectException: Connection refused (Connection refused)
	at java.net.PlainSocketImpl.socketConnect(Native Method)
	at java.net.AbstractPlainSocketImpl.doConnect(AbstractPlainSocketImpl.java:350)
	at java.net.AbstractPlainSocketImpl.connectToAddress(AbstractPlainSocketImpl.java:206)
	at java.net.AbstractPlainSocketImpl.connect(AbstractPlainSocketImpl.java:188)
	at java.net.SocksSocketImpl.connect(SocksSocketImpl.java:392)
	at java.net.Socket.connect(Socket.java:589)
	at java.net.Socket.connect(Socket.java:538)
	at java.net.Socket.<init>(Socket.java:434)
	at java.net.Socket.<init>(Socket.java:211)
	at codeu.chat.util.connections.ClientConnectionSource.connect(ClientConnectionSource.java:39)
	at codeu.chat.client.View.getAllConversations(View.java:79)
	at codeu.chat.client.ClientConversation.updateAllConversations(ClientConversation.java:164)
	at codeu.chat.client.simplegui.ConversationPanel.getAllConversations(ConversationPanel.java:159)
	at codeu.chat.client.simplegui.ConversationPanel.initialize(ConversationPanel.java:153)
	at codeu.chat.client.simplegui.ConversationPanel.<init>(ConversationPanel.java:39)
	at codeu.chat.client.simplegui.ChatSimpleGui.initialize(ChatSimpleGui.java:84)
	at codeu.chat.client.simplegui.ChatSimpleGui.run(ChatSimpleGui.java:45)
	at codeu.chat.SimpleGuiClientMain.runClient(SimpleGuiClientMain.java:69)
	at codeu.chat.SimpleGuiClientMain.main(SimpleGuiClientMain.java:55)
	at sun.reflect.NativeMethodAccessorImpl.invoke0(Native Method)
	at sun.reflect.NativeMethodAccessorImpl.invoke(NativeMethodAccessorImpl.java:62)
	at sun.reflect.DelegatingMethodAccessorImpl.invoke(DelegatingMethodAccessorImpl.java:43)
	at java.lang.reflect.Method.invoke(Method.java:498)
	at com.intellij.rt.execution.application.AppMain.main(AppMain.java:147)

Apr 05, 2017 12:25:20 AM codeu.chat.SimpleGuiClientMain runClient
INFO: chat client is running.
Apr 05, 2017 12:26:48 AM codeu.chat.SimpleGuiClientMain main
INFO: ============================= START OF LOG =============================
Apr 05, 2017 12:26:48 AM codeu.chat.SimpleGuiClientMain main
INFO: Starting chat client...
Apr 05, 2017 12:26:48 AM codeu.chat.SimpleGuiClientMain main
INFO: Creating client...
Apr 05, 2017 12:26:49 AM codeu.chat.SimpleGuiClientMain runClient
INFO: Created client
Apr 05, 2017 12:26:50 AM codeu.chat.client.ClientMessage updateMessages
SEVERE: conversation argument is null - do nothing.
Apr 05, 2017 12:26:50 AM codeu.chat.SimpleGuiClientMain runClient
INFO: chat client is running.
Apr 05, 2017 12:30:44 AM codeu.chat.client.Controller newUser
INFO: newUser: Request completed.
Apr 05, 2017 12:30:44 AM codeu.chat.client.Controller newUser
INFO: newUser: Response completed.
Apr 05, 2017 12:30:44 AM codeu.chat.client.ClientUser addUser
INFO: New user complete, Name= "Neil" UUID=[UUID:100.101.2996656184]
Apr 08, 2017 8:34:53 PM codeu.chat.SimpleGuiClientMain main
INFO: ============================= START OF LOG =============================
Apr 08, 2017 8:34:53 PM codeu.chat.SimpleGuiClientMain main
INFO: Starting chat client...
Apr 08, 2017 8:34:53 PM codeu.chat.SimpleGuiClientMain main
INFO: Creating client...
Apr 08, 2017 8:34:53 PM codeu.chat.SimpleGuiClientMain runClient
INFO: Created client
Apr 08, 2017 8:34:55 PM codeu.chat.client.ClientMessage updateMessages
SEVERE: conversation argument is null - do nothing.
Apr 08, 2017 8:34:56 PM codeu.chat.SimpleGuiClientMain runClient
INFO: chat client is running.
Apr 08, 2017 8:35:24 PM codeu.chat.client.Controller newUser
INFO: newUser: Request completed.
Apr 08, 2017 8:35:24 PM codeu.chat.client.Controller newUser
INFO: newUser: Response completed.
Apr 08, 2017 8:35:24 PM codeu.chat.client.ClientUser addUser
INFO: New user complete, Name= "Tyler" UUID=[UUID:100.101.2347386601]
Apr 08, 2017 8:35:48 PM codeu.chat.client.Controller newUser
INFO: newUser: Request completed.
Apr 08, 2017 8:35:48 PM codeu.chat.client.Controller newUser
INFO: newUser: Response completed.
Apr 08, 2017 8:35:48 PM codeu.chat.client.ClientUser addUser
INFO: New user complete, Name= "Steven" UUID=[UUID:100.101.1771235294]
Apr 08, 2017 8:49:55 PM codeu.chat.SimpleGuiClientMain main
INFO: ============================= START OF LOG =============================
Apr 08, 2017 8:49:55 PM codeu.chat.SimpleGuiClientMain main
INFO: Starting chat client...
Apr 08, 2017 8:49:55 PM codeu.chat.SimpleGuiClientMain main
INFO: Creating client...
Apr 08, 2017 8:49:55 PM codeu.chat.SimpleGuiClientMain runClient
INFO: Created client
Apr 08, 2017 8:49:56 PM codeu.chat.client.ClientMessage updateMessages
SEVERE: conversation argument is null - do nothing.
Apr 08, 2017 8:49:56 PM codeu.chat.SimpleGuiClientMain runClient
INFO: chat client is running.
Apr 08, 2017 8:50:42 PM codeu.chat.client.Controller newUser
INFO: newUser: Request completed.
Apr 08, 2017 8:50:42 PM codeu.chat.client.Controller newUser
INFO: newUser: Response completed.
Apr 08, 2017 8:50:42 PM codeu.chat.client.ClientUser addUser
INFO: New user complete, Name= "Greg" UUID=[UUID:100.101.756316915]
Apr 08, 2017 8:52:38 PM codeu.chat.client.Controller newUser
INFO: newUser: Request completed.
Apr 08, 2017 8:52:38 PM codeu.chat.client.Controller newUser
INFO: newUser: Response completed.
Apr 08, 2017 8:52:38 PM codeu.chat.client.ClientUser addUser
INFO: New user complete, Name= "Greg G" UUID=[UUID:100.101.2986631465]
Apr 08, 2017 8:53:21 PM codeu.chat.SimpleGuiClientMain main
INFO: ============================= START OF LOG =============================
Apr 08, 2017 8:53:21 PM codeu.chat.SimpleGuiClientMain main
INFO: Starting chat client...
Apr 08, 2017 8:53:21 PM codeu.chat.SimpleGuiClientMain main
INFO: Creating client...
Apr 08, 2017 8:53:21 PM codeu.chat.SimpleGuiClientMain runClient
INFO: Created client
Apr 08, 2017 8:53:22 PM codeu.chat.client.ClientMessage updateMessages
SEVERE: conversation argument is null - do nothing.
Apr 08, 2017 8:53:22 PM codeu.chat.SimpleGuiClientMain runClient
INFO: chat client is running.
Apr 08, 2017 9:00:54 PM codeu.chat.client.Controller newUser
INFO: newUser: Request completed.
Apr 08, 2017 9:00:54 PM codeu.chat.client.Controller newUser
INFO: newUser: Response completed.
Apr 08, 2017 9:00:54 PM codeu.chat.client.ClientUser addUser
INFO: New user complete, Name= "Greg" UUID=[UUID:100.101.1093096440]
Apr 08, 2017 9:01:50 PM codeu.chat.SimpleGuiClientMain main
INFO: ============================= START OF LOG =============================
Apr 08, 2017 9:01:50 PM codeu.chat.SimpleGuiClientMain main
INFO: Starting chat client...
Apr 08, 2017 9:01:50 PM codeu.chat.SimpleGuiClientMain main
INFO: Creating client...
Apr 08, 2017 9:01:50 PM codeu.chat.SimpleGuiClientMain runClient
INFO: Created client
Apr 08, 2017 9:01:51 PM codeu.chat.client.ClientMessage updateMessages
SEVERE: conversation argument is null - do nothing.
Apr 08, 2017 9:01:51 PM codeu.chat.SimpleGuiClientMain runClient
INFO: chat client is running.
Apr 08, 2017 9:02:04 PM codeu.chat.client.Controller newUser
INFO: newUser: Request completed.
Apr 08, 2017 9:02:04 PM codeu.chat.client.Controller newUser
INFO: newUser: Response completed.
Apr 08, 2017 9:02:04 PM codeu.chat.client.ClientUser addUser
INFO: New user complete, Name= "Greg M" UUID=[UUID:100.101.2911355156]
Apr 08, 2017 9:02:13 PM codeu.chat.client.Controller newUser
INFO: newUser: Request completed.
Apr 08, 2017 9:02:13 PM codeu.chat.client.Controller newUser
INFO: newUser: Response completed.
Apr 08, 2017 9:02:13 PM codeu.chat.client.ClientUser addUser
INFO: New user complete, Name= "Terry J" UUID=[UUID:100.101.462364929]
Apr 08, 2017 9:24:52 PM codeu.chat.SimpleGuiClientMain main
INFO: ============================= START OF LOG =============================
Apr 08, 2017 9:24:52 PM codeu.chat.SimpleGuiClientMain main
INFO: Starting chat client...
Apr 08, 2017 9:24:52 PM codeu.chat.SimpleGuiClientMain main
INFO: Creating client...
Apr 08, 2017 9:24:52 PM codeu.chat.SimpleGuiClientMain runClient
INFO: Created client
Apr 08, 2017 9:24:53 PM codeu.chat.client.ClientMessage updateMessages
SEVERE: conversation argument is null - do nothing.
Apr 08, 2017 9:24:53 PM codeu.chat.SimpleGuiClientMain runClient
INFO: chat client is running.
Apr 09, 2017 6:19:18 PM codeu.chat.SimpleGuiClientMain main
INFO: ============================= START OF LOG =============================
Apr 09, 2017 6:19:18 PM codeu.chat.SimpleGuiClientMain main
INFO: Starting chat client...
Apr 09, 2017 6:19:18 PM codeu.chat.SimpleGuiClientMain main
INFO: Creating client...
Apr 09, 2017 6:19:18 PM codeu.chat.SimpleGuiClientMain runClient
INFO: Created client
Apr 09, 2017 6:19:19 PM codeu.chat.client.ClientMessage updateMessages
SEVERE: conversation argument is null - do nothing.
Apr 09, 2017 6:19:20 PM codeu.chat.SimpleGuiClientMain runClient
INFO: chat client is running.
Apr 09, 2017 6:19:35 PM codeu.chat.client.Controller newUser
INFO: newUser: Request completed.
Apr 09, 2017 6:19:35 PM codeu.chat.client.Controller newUser
INFO: newUser: Response completed.
Apr 09, 2017 6:19:35 PM codeu.chat.client.ClientUser addUser
INFO: New user complete, Name= "Ted" UUID=[UUID:100.101.2458270169]
Apr 09, 2017 6:25:08 PM codeu.chat.SimpleGuiClientMain main
INFO: ============================= START OF LOG =============================
Apr 09, 2017 6:25:09 PM codeu.chat.SimpleGuiClientMain main
INFO: Starting chat client...
Apr 09, 2017 6:25:09 PM codeu.chat.SimpleGuiClientMain main
INFO: Creating client...
Apr 09, 2017 6:25:09 PM codeu.chat.SimpleGuiClientMain runClient
INFO: Created client
Apr 09, 2017 6:25:10 PM codeu.chat.client.ClientMessage updateMessages
SEVERE: conversation argument is null - do nothing.
Apr 09, 2017 6:25:10 PM codeu.chat.SimpleGuiClientMain runClient
INFO: chat client is running.
Apr 09, 2017 6:25:16 PM codeu.chat.client.Controller newUser
INFO: newUser: Request completed.
Apr 09, 2017 6:25:16 PM codeu.chat.client.Controller newUser
INFO: newUser: Response completed.
Apr 09, 2017 6:25:16 PM codeu.chat.client.ClientUser addUser
INFO: New user complete, Name= "Dennis" UUID=[UUID:100.101.1085036235]
Apr 09, 2017 7:56:42 PM codeu.chat.SimpleGuiClientMain main
INFO: ============================= START OF LOG =============================
Apr 09, 2017 7:56:42 PM codeu.chat.SimpleGuiClientMain main
INFO: Starting chat client...
Apr 09, 2017 7:56:42 PM codeu.chat.SimpleGuiClientMain main
INFO: Creating client...
Apr 09, 2017 7:56:42 PM codeu.chat.SimpleGuiClientMain runClient
INFO: Created client
Apr 09, 2017 7:56:43 PM codeu.chat.client.ClientMessage updateMessages
SEVERE: conversation argument is null - do nothing.
Apr 09, 2017 7:56:44 PM codeu.chat.SimpleGuiClientMain runClient
INFO: chat client is running.
Apr 09, 2017 7:56:51 PM codeu.chat.client.Controller newUser
INFO: newUser: Request completed.
Apr 09, 2017 7:56:51 PM codeu.chat.client.Controller newUser
INFO: newUser: Response completed.
Apr 09, 2017 7:56:51 PM codeu.chat.client.ClientUser addUser
INFO: New user complete, Name= "Test" UUID=[UUID:100.101.463972942]
Apr 09, 2017 8:05:02 PM codeu.chat.SimpleGuiClientMain main
INFO: ============================= START OF LOG =============================
Apr 09, 2017 8:05:02 PM codeu.chat.SimpleGuiClientMain main
INFO: Starting chat client...
Apr 09, 2017 8:05:02 PM codeu.chat.SimpleGuiClientMain main
INFO: Creating client...
Apr 09, 2017 8:05:02 PM codeu.chat.SimpleGuiClientMain runClient
INFO: Created client
Apr 09, 2017 8:05:03 PM codeu.chat.client.ClientMessage updateMessages
SEVERE: conversation argument is null - do nothing.
Apr 09, 2017 8:05:03 PM codeu.chat.SimpleGuiClientMain runClient
INFO: chat client is running.
Apr 09, 2017 8:06:43 PM codeu.chat.SimpleGuiClientMain main
INFO: ============================= START OF LOG =============================
Apr 09, 2017 8:06:43 PM codeu.chat.SimpleGuiClientMain main
INFO: Starting chat client...
Apr 09, 2017 8:06:43 PM codeu.chat.SimpleGuiClientMain main
INFO: Creating client...
Apr 09, 2017 8:06:43 PM codeu.chat.SimpleGuiClientMain runClient
INFO: Created client
Apr 09, 2017 8:06:45 PM codeu.chat.client.ClientMessage updateMessages
SEVERE: conversation argument is null - do nothing.
Apr 09, 2017 8:06:45 PM codeu.chat.SimpleGuiClientMain runClient
INFO: chat client is running.
Apr 09, 2017 8:16:52 PM codeu.chat.SimpleGuiClientMain main
INFO: ============================= START OF LOG =============================
Apr 09, 2017 8:16:52 PM codeu.chat.SimpleGuiClientMain main
INFO: Starting chat client...
Apr 09, 2017 8:16:52 PM codeu.chat.SimpleGuiClientMain main
INFO: Creating client...
Apr 09, 2017 8:16:52 PM codeu.chat.SimpleGuiClientMain runClient
INFO: Created client
Apr 09, 2017 8:16:53 PM codeu.chat.client.ClientMessage updateMessages
SEVERE: conversation argument is null - do nothing.
Apr 09, 2017 8:16:54 PM codeu.chat.SimpleGuiClientMain runClient
INFO: chat client is running.
Apr 09, 2017 8:21:23 PM codeu.chat.SimpleGuiClientMain main
INFO: ============================= START OF LOG =============================
Apr 09, 2017 8:21:23 PM codeu.chat.SimpleGuiClientMain main
INFO: Starting chat client...
Apr 09, 2017 8:21:23 PM codeu.chat.SimpleGuiClientMain main
INFO: Creating client...
Apr 09, 2017 8:21:23 PM codeu.chat.SimpleGuiClientMain runClient
INFO: Created client
Apr 09, 2017 8:21:24 PM codeu.chat.client.ClientMessage updateMessages
SEVERE: conversation argument is null - do nothing.
Apr 09, 2017 8:21:25 PM codeu.chat.SimpleGuiClientMain runClient
INFO: chat client is running.
Apr 09, 2017 8:23:25 PM codeu.chat.SimpleGuiClientMain main
INFO: ============================= START OF LOG =============================
Apr 09, 2017 8:23:25 PM codeu.chat.SimpleGuiClientMain main
INFO: Starting chat client...
Apr 09, 2017 8:23:25 PM codeu.chat.SimpleGuiClientMain main
INFO: Creating client...
Apr 09, 2017 8:23:25 PM codeu.chat.SimpleGuiClientMain runClient
INFO: Created client
Apr 09, 2017 8:23:26 PM codeu.chat.client.ClientMessage updateMessages
SEVERE: conversation argument is null - do nothing.
Apr 09, 2017 8:23:26 PM codeu.chat.SimpleGuiClientMain runClient
INFO: chat client is running.
Apr 09, 2017 8:24:27 PM codeu.chat.SimpleGuiClientMain main
INFO: ============================= START OF LOG =============================
Apr 09, 2017 8:24:27 PM codeu.chat.SimpleGuiClientMain main
INFO: Starting chat client...
Apr 09, 2017 8:24:27 PM codeu.chat.SimpleGuiClientMain main
INFO: Creating client...
Apr 09, 2017 8:24:27 PM codeu.chat.SimpleGuiClientMain runClient
INFO: Created client
Apr 09, 2017 8:24:28 PM codeu.chat.client.ClientMessage updateMessages
SEVERE: conversation argument is null - do nothing.
Apr 09, 2017 8:24:28 PM codeu.chat.SimpleGuiClientMain runClient
INFO: chat client is running.
Apr 09, 2017 8:27:21 PM codeu.chat.SimpleGuiClientMain main
INFO: ============================= START OF LOG =============================
Apr 09, 2017 8:27:22 PM codeu.chat.SimpleGuiClientMain main
INFO: Starting chat client...
Apr 09, 2017 8:27:22 PM codeu.chat.SimpleGuiClientMain main
INFO: Creating client...
Apr 09, 2017 8:27:22 PM codeu.chat.SimpleGuiClientMain runClient
INFO: Created client
Apr 09, 2017 8:27:23 PM codeu.chat.client.ClientMessage updateMessages
SEVERE: conversation argument is null - do nothing.
Apr 09, 2017 8:27:23 PM codeu.chat.SimpleGuiClientMain runClient
INFO: chat client is running.
Apr 09, 2017 9:27:00 PM codeu.chat.SimpleGuiClientMain main
INFO: ============================= START OF LOG =============================
Apr 09, 2017 9:27:00 PM codeu.chat.SimpleGuiClientMain main
INFO: Starting chat client...
Apr 09, 2017 9:27:00 PM codeu.chat.SimpleGuiClientMain main
INFO: Creating client...
Apr 09, 2017 9:27:00 PM codeu.chat.SimpleGuiClientMain runClient
INFO: Created client
Apr 09, 2017 9:27:01 PM codeu.chat.client.ClientMessage updateMessages
SEVERE: conversation argument is null - do nothing.
Apr 09, 2017 9:27:01 PM codeu.chat.SimpleGuiClientMain runClient
INFO: chat client is running.
Apr 09, 2017 9:27:48 PM codeu.chat.SimpleGuiClientMain main
INFO: ============================= START OF LOG =============================
Apr 09, 2017 9:27:48 PM codeu.chat.SimpleGuiClientMain main
INFO: Starting chat client...
Apr 09, 2017 9:27:48 PM codeu.chat.SimpleGuiClientMain main
INFO: Creating client...
Apr 09, 2017 9:27:48 PM codeu.chat.SimpleGuiClientMain runClient
INFO: Created client
Apr 09, 2017 9:27:48 PM codeu.chat.client.ClientMessage updateMessages
SEVERE: conversation argument is null - do nothing.
Apr 09, 2017 9:27:48 PM codeu.chat.SimpleGuiClientMain runClient
INFO: chat client is running.
Apr 09, 2017 9:34:39 PM codeu.chat.SimpleGuiClientMain main
INFO: ============================= START OF LOG =============================
Apr 09, 2017 9:34:40 PM codeu.chat.SimpleGuiClientMain main
INFO: Starting chat client...
Apr 09, 2017 9:34:40 PM codeu.chat.SimpleGuiClientMain main
INFO: Creating client...
Apr 09, 2017 9:34:40 PM codeu.chat.SimpleGuiClientMain runClient
INFO: Created client
Apr 09, 2017 9:34:41 PM codeu.chat.client.ClientMessage updateMessages
SEVERE: conversation argument is null - do nothing.
Apr 09, 2017 9:34:41 PM codeu.chat.SimpleGuiClientMain runClient
INFO: chat client is running.
Apr 09, 2017 9:39:19 PM codeu.chat.SimpleGuiClientMain main
INFO: ============================= START OF LOG =============================
Apr 09, 2017 9:39:19 PM codeu.chat.SimpleGuiClientMain main
INFO: Starting chat client...
Apr 09, 2017 9:39:19 PM codeu.chat.SimpleGuiClientMain main
INFO: Creating client...
Apr 09, 2017 9:39:19 PM codeu.chat.SimpleGuiClientMain runClient
INFO: Created client
Apr 09, 2017 9:39:20 PM codeu.chat.client.ClientMessage updateMessages
SEVERE: conversation argument is null - do nothing.
Apr 09, 2017 9:39:20 PM codeu.chat.SimpleGuiClientMain runClient
INFO: chat client is running.
Apr 09, 2017 9:44:05 PM codeu.chat.client.Controller newUser
INFO: newUser: Request completed.
Apr 09, 2017 9:44:05 PM codeu.chat.client.Controller newUser
INFO: newUser: Response completed.
Apr 09, 2017 9:44:05 PM codeu.chat.client.ClientUser addUser
INFO: New user complete, Name= "Tester" UUID=[UUID:100.101.2770954109]
Apr 09, 2017 9:45:51 PM codeu.chat.client.Controller newUser
INFO: newUser: Request completed.
Apr 09, 2017 9:45:51 PM codeu.chat.client.Controller newUser
INFO: newUser: Response completed.
Apr 09, 2017 9:45:51 PM codeu.chat.client.ClientUser addUser
INFO: New user complete, Name= "Testing" UUID=[UUID:100.101.144367910]
Apr 09, 2017 10:03:08 PM codeu.chat.client.Controller newUser
INFO: newUser: Request completed.
Apr 09, 2017 10:03:08 PM codeu.chat.client.Controller newUser
INFO: newUser: Response completed.
Apr 09, 2017 10:03:08 PM codeu.chat.client.ClientUser addUser
INFO: New user complete, Name= "Tester2" UUID=[UUID:100.101.1273638337]
Apr 09, 2017 10:13:11 PM codeu.chat.SimpleGuiClientMain main
INFO: ============================= START OF LOG =============================
Apr 09, 2017 10:13:11 PM codeu.chat.SimpleGuiClientMain main
INFO: Starting chat client...
Apr 09, 2017 10:13:11 PM codeu.chat.SimpleGuiClientMain main
INFO: Creating client...
Apr 09, 2017 10:13:11 PM codeu.chat.SimpleGuiClientMain runClient
INFO: Created client
Apr 09, 2017 10:13:12 PM codeu.chat.client.ClientMessage updateMessages
SEVERE: conversation argument is null - do nothing.
Apr 09, 2017 10:13:12 PM codeu.chat.SimpleGuiClientMain runClient
INFO: chat client is running.
Apr 09, 2017 10:27:07 PM codeu.chat.SimpleGuiClientMain main
INFO: ============================= START OF LOG =============================
Apr 09, 2017 10:27:07 PM codeu.chat.SimpleGuiClientMain main
INFO: Starting chat client...
Apr 09, 2017 10:27:07 PM codeu.chat.SimpleGuiClientMain main
INFO: Creating client...
Apr 09, 2017 10:27:07 PM codeu.chat.SimpleGuiClientMain runClient
INFO: Created client
Apr 09, 2017 10:27:08 PM codeu.chat.client.ClientMessage updateMessages
SEVERE: conversation argument is null - do nothing.
Apr 09, 2017 10:27:08 PM codeu.chat.SimpleGuiClientMain runClient
INFO: chat client is running.
Apr 09, 2017 10:27:14 PM codeu.chat.client.Controller newUser
INFO: newUser: Request completed.
Apr 13, 2017 2:07:01 PM codeu.chat.SimpleGuiClientMain main
INFO: ============================= START OF LOG =============================
Apr 13, 2017 2:07:01 PM codeu.chat.SimpleGuiClientMain main
INFO: Starting chat client...
Apr 13, 2017 2:07:01 PM codeu.chat.SimpleGuiClientMain main
INFO: Creating client...
Apr 13, 2017 2:07:01 PM codeu.chat.SimpleGuiClientMain runClient
INFO: Created client
Apr 13, 2017 2:07:03 PM codeu.chat.client.ClientMessage updateMessages
SEVERE: conversation argument is null - do nothing.
Apr 13, 2017 2:07:04 PM codeu.chat.SimpleGuiClientMain runClient
INFO: chat client is running.
